<?xml version="1.0" encoding="UTF-8"?>
<testsuite xmlns:xsi="http://www.w3.org/2001/XMLSchema-instance" xsi:noNamespaceSchemaLocation="https://maven.apache.org/surefire/maven-surefire-plugin/xsd/surefire-test-report-3.0.xsd" version="3.0" name="com.balitechy.spacewar.main.logic.control.BulletControllerTest" time="0.098" tests="4" errors="0" skipped="0" failures="0">
  <properties>
[...]
</properties>
  <testcase name="testAddAndRemoveVectorBullet" classname="com.balitechy.spacewar.main.logic.control.BulletControllerTest" time="0.003"/>
  <testcase name="testTickRemovesBulletOffScreen" classname="com.balitechy.spacewar.main.logic.control.BulletControllerTest" time="0.087"/>
  <testcase name="testTickRemovesVectorBulletOffScreen" classname="com.balitechy.spacewar.main.logic.control.BulletControllerTest" time="0.002"/>
  <testcase name="testAddAndRemoveBullet" classname="com.balitechy.spacewar.main.logic.control.BulletControllerTest" time="0.001"/>
</testsuite>